2025-08-06 14:39:33,628 - INFO - INFO: \U0001f6e1\ufe0f Apex Compliance Guardian initialized - Training wheels active
2025-08-06 14:39:33,668 - INFO - INFO: \U0001f4ca Monitoring Tradovate platform for rule violations
2025-08-06 14:39:33,709 - INFO - INFO: \u2699\ufe0f Configure safety ratio and start monitoring
2025-08-06 14:39:48,368 - INFO - INFO: \U0001f3af Risk preset changed to Conservative (90%)
2025-08-06 14:39:49,396 - INFO - INFO: \U0001f3af Risk preset changed to Moderate (70%)
2025-08-06 15:02:20,084 - INFO - INFO: \U0001f6e1\ufe0f Apex Compliance Guardian initialized - Training wheels active
2025-08-06 15:02:20,130 - INFO - INFO: \U0001f4ca Monitoring Tradovate platform for rule violations
2025-08-06 15:02:20,171 - INFO - INFO: \u2699\ufe0f Configure safety ratio and start monitoring
2025-08-06 15:02:31,160 - INFO - INFO: \U0001f3af Risk preset changed to Aggressive (50%)
2025-08-06 15:02:33,338 - INFO - INFO: \U0001f3af Risk preset changed to Moderate (70%)
2025-08-06 15:02:35,015 - INFO - INFO: \U0001f3af Risk preset changed to Conservative (90%)
2025-08-06 15:13:46,019 - INFO - INFO: \U0001f3af Risk preset: Conservative (90%)
2025-08-06 15:13:46,759 - INFO - INFO: \U0001f3af Risk preset: Moderate (70%)
2025-08-06 15:13:47,283 - INFO - INFO: \U0001f3af Risk preset: Aggressive (50%)
2025-08-06 15:13:48,202 - INFO - INFO: \U0001f3af Risk preset: Conservative (90%)
2025-08-06 15:13:48,557 - INFO - INFO: \U0001f3af Risk preset: Moderate (70%)
2025-08-06 15:13:48,893 - INFO - INFO: \U0001f3af Risk preset: Aggressive (50%)
2025-08-06 15:14:37,269 - INFO - ERROR: \U0001f6d1 EMERGENCY STOP: Closing all positions immediately
2025-08-06 15:14:37,269 - INFO - SUCCESS: \u2705 All positions closed successfully
2025-08-06 15:14:39,090 - INFO - ERROR: \U0001f512 TRADING LOCKED OUT for 24 hours
2025-08-06 15:14:39,090 - INFO - ERROR: \u23f0 Lockout until: 2025-08-07 15:14 EST
2025-08-06 15:14:40,194 - INFO - SUCCESS: \U0001f4be Settings saved successfully
2025-08-06 15:14:41,129 - INFO - SUCCESS: \U0001f4be Settings saved successfully
2025-08-06 15:14:42,382 - INFO - ERROR: \U0001f512 TRADING LOCKED OUT for 24 hours
2025-08-06 15:14:42,382 - INFO - ERROR: \u23f0 Lockout until: 2025-08-07 15:14 EST
2025-08-06 15:14:43,017 - INFO - ERROR: \U0001f6d1 EMERGENCY STOP: Closing all positions immediately
2025-08-06 15:14:43,018 - INFO - SUCCESS: \u2705 All positions closed successfully
2025-08-06 15:18:13,509 - INFO - INFO: \U0001f3af Risk preset: Conservative (90%)
2025-08-06 15:18:19,499 - INFO - INFO: \U0001f3af Risk preset: Moderate (70%)
2025-08-06 15:18:28,110 - INFO - INFO: \U0001f3af Safety ratio updated to 75%
2025-08-06 15:19:14,317 - INFO - ERROR: \U0001f6d1 EMERGENCY STOP: Closing all positions immediately
2025-08-06 15:19:14,318 - INFO - SUCCESS: \u2705 All positions closed successfully
2025-08-06 15:19:15,640 - INFO - ERROR: \U0001f6d1 EMERGENCY STOP: Closing all positions immediately
2025-08-06 15:19:15,640 - INFO - SUCCESS: \u2705 All positions closed successfully
2025-08-06 15:19:16,761 - INFO - ERROR: \U0001f512 TRADING LOCKED OUT for 24 hours
2025-08-06 15:19:16,762 - INFO - ERROR: \u23f0 Lockout until: 2025-08-07 15:19 EST
2025-08-06 15:19:17,661 - INFO - SUCCESS: \U0001f4be Settings saved successfully
2025-08-06 15:19:18,875 - INFO - SUCCESS: \U0001f4be Settings saved successfully
2025-08-06 15:19:24,717 - INFO - INFO: \U0001f3af Safety ratio updated to 30%
2025-08-06 15:19:28,421 - INFO - INFO: \U0001f4ca Platform changed to NinjaTrader
2025-08-06 15:19:44,595 - INFO - INFO: \U0001f4ca Platform changed to MetaTrader
2025-08-06 15:44:48,365 - INFO - INFO: \U0001f4ca AlgoBar size updated to 8 ticks
2025-08-06 15:45:08,409 - INFO - SUCCESS: \U0001f680 Real-time monitoring STARTED
2025-08-06 15:45:14,239 - INFO - ERROR: \U0001f6a8 APEX RULE VIOLATION: DAILY LOSS LIMIT
2025-08-06 15:45:14,239 - INFO - ERROR: \U0001f4a5 Daily loss $630.34 exceeded 50% of $1,250.00 limit
2025-08-06 15:45:14,239 - INFO - ERROR: \u26a1 EXECUTING EMERGENCY PROTOCOL
2025-08-06 15:45:14,239 - INFO - ERROR: \U0001f6d1 EMERGENCY STOP: Closing all positions immediately
2025-08-06 15:45:14,240 - INFO - SUCCESS: \u2705 All positions closed successfully
2025-08-06 15:45:14,240 - INFO - ERROR: \U0001f512 TRADING LOCKED OUT for 24 hours
2025-08-06 15:45:14,240 - INFO - ERROR: \u23f0 Lockout until: 2025-08-07 15:45 EST
2025-08-06 15:45:14,241 - INFO - WARNING: \u26a0\ufe0f APPROACHING DAILY LOSS LIMIT: 630.34 / 625.00
2025-08-06 15:45:17,336 - INFO - ERROR: \U0001f6d1 EMERGENCY STOP: Closing all positions immediately
2025-08-06 15:45:17,337 - INFO - SUCCESS: \u2705 All positions closed successfully
2025-08-06 15:45:18,260 - INFO - ERROR: \U0001f512 TRADING LOCKED OUT for 24 hours
2025-08-06 15:45:18,261 - INFO - ERROR: \u23f0 Lockout until: 2025-08-07 15:45 EST
2025-08-06 15:45:19,338 - INFO - SUCCESS: \U0001f4be Settings saved successfully
2025-08-06 15:47:14,075 - INFO - INFO: \U0001f4ca AlgoBar size updated to 5 ticks
2025-08-06 15:49:51,853 - INFO - INFO: \U0001f3af Safety ratio updated to 40%
2025-08-06 15:49:53,569 - INFO - INFO: \U0001f3af Safety ratio updated to 15%
2025-08-06 15:49:54,320 - INFO - INFO: \U0001f3af Safety ratio updated to 40%
2025-08-06 15:49:54,600 - INFO - INFO: \U0001f3af Safety ratio updated to 45%
2025-08-06 15:49:55,861 - INFO - INFO: \U0001f3af Safety ratio updated to 20%
2025-08-06 15:49:57,843 - INFO - INFO: \U0001f3af Safety ratio updated to 90%
2025-08-06 15:49:58,661 - INFO - INFO: \U0001f3af Safety ratio updated to 75%
2025-08-06 15:50:21,419 - INFO - INFO: \U0001f3af Safety ratio updated to 25%
2025-08-06 15:50:21,816 - INFO - INFO: \U0001f3af Safety ratio updated to 15%
2025-08-06 15:50:22,846 - INFO - INFO: \U0001f3af Safety ratio updated to 15%
2025-08-06 15:50:22,848 - INFO - INFO: \U0001f4ca AlgoBar size updated to 12 ticks
2025-08-06 15:50:30,362 - INFO - INFO: \U0001f3af Safety ratio updated to 15%
2025-08-06 15:50:30,379 - INFO - SUCCESS: \U0001f4be Settings saved successfully
2025-08-06 15:50:30,446 - INFO - INFO: \U0001f3af Safety ratio updated to 15%
2025-08-06 15:52:00,664 - INFO - INFO: \U0001f3af Safety ratio updated to 15%
2025-08-06 15:52:00,678 - INFO - ERROR: \U0001f512 TRADING LOCKED OUT for 24 hours
2025-08-06 15:52:00,679 - INFO - ERROR: \u23f0 Lockout until: 2025-08-07 15:52 EST
2025-08-06 15:52:00,749 - INFO - INFO: \U0001f3af Safety ratio updated to 15%
2025-08-06 15:56:38,226 - INFO - INFO: \U0001f4ca AlgoBar size updated to 8 ticks
2025-08-06 15:56:42,158 - INFO - INFO: \U0001f4ca AlgoBar size updated to 9 ticks
2025-08-06 15:56:49,300 - INFO - INFO: \U0001f4ca AlgoBar size updated to 10 ticks
2025-08-06 15:57:00,142 - INFO - INFO: \U0001f4c8 Chart type changed to Ripple
2025-08-06 15:57:09,030 - INFO - SUCCESS: \U0001f680 Real-time monitoring STARTED
2025-08-06 15:57:11,266 - INFO - INFO: \U0001f4c8 NEW POSITION: 5 contracts @ $4584.56
2025-08-06 15:57:12,003 - INFO - ERROR: \U0001f6a8 APEX RULE VIOLATION: CONSISTENCY RULE
2025-08-06 15:57:12,004 - INFO - ERROR: \U0001f4a5 Daily profit 21.0% of total profit exceeded 70% of 30.0% limit
2025-08-06 15:57:12,005 - INFO - ERROR: \u26a1 EXECUTING EMERGENCY PROTOCOL
2025-08-06 15:57:12,006 - INFO - ERROR: \U0001f6d1 EMERGENCY STOP: Closing all positions immediately
2025-08-06 15:57:12,007 - INFO - SUCCESS: \u2705 All positions closed successfully
2025-08-06 15:57:12,008 - INFO - ERROR: \U0001f512 TRADING LOCKED OUT for 24 hours
2025-08-06 15:57:12,008 - INFO - ERROR: \u23f0 Lockout until: 2025-08-07 15:57 EST
2025-08-06 15:57:46,031 - INFO - INFO: \U0001f4b0 Account balance updated to $26,000.00
2025-08-06 15:57:46,033 - INFO - SUCCESS: \U0001f680 Real-time monitoring STARTED
2025-08-06 15:57:49,194 - INFO - INFO: \U0001f4c8 NEW POSITION: 3 contracts @ $4594.23
2025-08-06 15:57:52,937 - INFO - WARNING: \U0001f512 POSITION CLOSED: 4 contracts, P&L: $-90.90
2025-08-06 15:57:53,425 - INFO - INFO: \U0001f4c8 NEW POSITION: 3 contracts @ $4594.27
2025-08-06 15:58:04,333 - INFO - SUCCESS: \U0001f512 POSITION CLOSED: 4 contracts, P&L: $2706.79
2025-08-06 15:58:09,306 - INFO - INFO: \U0001f4c8 NEW POSITION: 5 contracts @ $4620.20
2025-08-06 15:58:36,786 - INFO - SUCCESS: \U0001f512 POSITION CLOSED: 6 contracts, P&L: $16971.31
2025-08-06 15:58:37,404 - INFO - INFO: \U0001f4c8 NEW POSITION: 3 contracts @ $4679.48
2025-08-06 15:59:26,061 - INFO - WARNING: \U0001f512 POSITION CLOSED: 2 contracts, P&L: $-2473.52
2025-08-06 15:59:31,409 - INFO - INFO: \U0001f4c8 NEW POSITION: 3 contracts @ $4636.96
2025-08-06 15:59:33,216 - INFO - SUCCESS: \U0001f512 POSITION CLOSED: 3 contracts, P&L: $1054.90
2025-08-06 15:59:42,763 - INFO - INFO: \U0001f4c8 NEW POSITION: 5 contracts @ $4645.49
2025-08-06 15:59:56,921 - INFO - SUCCESS: \U0001f512 POSITION CLOSED: 7 contracts, P&L: $170.57
2025-08-06 16:00:04,865 - INFO - INFO: \U0001f4c8 NEW POSITION: 3 contracts @ $4649.31
2025-08-06 16:00:42,714 - INFO - WARNING: \U0001f512 POSITION CLOSED: 3 contracts, P&L: $-7938.82
2025-08-06 16:00:42,865 - INFO - INFO: \U0001f4c8 NEW POSITION: 5 contracts @ $4596.42
2025-08-06 16:01:09,713 - INFO - WARNING: \U0001f512 POSITION CLOSED: 6 contracts, P&L: $-2460.51
2025-08-06 16:01:13,199 - INFO - INFO: \U0001f4c8 NEW POSITION: 1 contracts @ $4578.93
2025-08-06 16:01:17,363 - INFO - WARNING: \U0001f512 POSITION CLOSED: 1 contracts, P&L: $-1027.59
2025-08-06 16:01:17,828 - INFO - INFO: \U0001f4c8 NEW POSITION: 2 contracts @ $4558.59
2025-08-06 16:01:20,031 - INFO - WARNING: \U0001f512 POSITION CLOSED: 2 contracts, P&L: $-415.14
2025-08-06 16:01:29,387 - INFO - INFO: \U0001f4c8 NEW POSITION: 2 contracts @ $4538.91
2025-08-06 16:01:33,091 - INFO - WARNING: \U0001f512 POSITION CLOSED: 2 contracts, P&L: $-294.44
2025-08-06 16:01:33,547 - INFO - INFO: \U0001f4c8 NEW POSITION: 5 contracts @ $4540.00
2025-08-06 16:01:49,517 - INFO - WARNING: \U0001f512 POSITION CLOSED: 3 contracts, P&L: $-4763.23
2025-08-06 16:01:50,749 - INFO - INFO: \U0001f4c8 NEW POSITION: 5 contracts @ $4509.68
2025-08-06 16:02:07,666 - INFO - SUCCESS: \U0001f512 POSITION CLOSED: 5 contracts, P&L: $649.14
2025-08-06 16:02:08,417 - INFO - INFO: \U0001f4c8 NEW POSITION: 5 contracts @ $4514.74
